<?xml version="1.0" encoding="utf-8"?><testsuites name="pytest tests"><testsuite name="pytest" errors="0" failures="0" skipped="0" tests="7" time="4.142" timestamp="2026-06-19T20:34:26.055108+00:00" hostname="agent-env-1f1cc52a-9212-4803-99fe-935d090b3c4e"><testcase classname="backend.tests.test_cavi_new_rules.TestOneWalletPerNetwork" name="test_create_eth_then_duplicate_blocked" time="0.713" /><testcase classname="backend.tests.test_cavi_new_rules.TestAuthMeMeta" name="test_me_includes_attempts_and_support" time="0.315" /><testcase classname="backend.tests.test_cavi_new_rules.TestDepositLimitAndFlag" name="test_three_deposits_then_flag_on_fourth" time="0.744" /><testcase classname="backend.tests.test_cavi_new_rules.TestDepositLedger" name="test_ledger_returns_deposits_with_roi_active_flag" time="0.502" /><testcase classname="backend.tests.test_cavi_new_rules.TestAdminSecurity" name="test_fraud_listing_and_clear_flag_resets_attempts" time="1.003" /><testcase classname="backend.tests.test_cavi_new_rules.TestAdminSecurity" name="test_clear_flag_requires_admin" time="0.310" /><testcase classname="backend.tests.test_cavi_new_rules.TestRoiActivationGate" name="test_run_cycle_skips_future_activation" time="0.496" /></testsuite></testsuites>