<?xml version="1.0" encoding="utf-8"?><testsuites name="pytest tests"><testsuite name="pytest" errors="0" failures="0" skipped="0" tests="10" time="2.874" timestamp="2026-06-26T14:02:13.595737+00:00" hostname="agent-env-1f1cc52a-9212-4803-99fe-935d090b3c4e"><testcase classname="backend.tests.test_referrals.TestReferralOverviewBasic" name="test_get_referrals_returns_code_and_link" time="0.497" /><testcase classname="backend.tests.test_referrals.TestReferralOverviewBasic" name="test_get_referrals_code_is_stable" time="0.106" /><testcase classname="backend.tests.test_referrals.TestRegisterStoresReferralCode" name="test_register_stores_referralCode" time="1.591" /><testcase classname="backend.tests.test_referrals.TestReferralClaimMath" name="test_overview_shows_claimable_15" time="0.046" /><testcase classname="backend.tests.test_referrals.TestReferralClaimMath" name="test_claim_returns_15" time="0.048" /><testcase classname="backend.tests.test_referrals.TestReferralClaimMath" name="test_second_claim_returns_400" time="0.048" /><testcase classname="backend.tests.test_referrals.TestReferralClaimMath" name="test_overview_after_claim" time="0.051" /><testcase classname="backend.tests.test_referrals.TestBalanceGating" name="test_drained_referee_not_claimable" time="0.101" /><testcase classname="backend.tests.test_referrals.TestReferralPocketWithdrawal" name="test_main_balance_unaffected_by_referral_withdrawal" time="0.182" /><testcase classname="backend.tests.test_referrals.TestReferralPocketWithdrawal" name="test_over_withdraw_returns_400" time="0.046" /></testsuite></testsuites>