<?xml version="1.0" encoding="utf-8"?><testsuites name="pytest tests"><testsuite name="pytest" errors="0" failures="0" skipped="0" tests="6" time="14.964" timestamp="2026-06-26T11:54:12.013413+00:00" hostname="agent-env-1f1cc52a-9212-4803-99fe-935d090b3c4e"><testcase classname="backend.tests.test_login_security.TestBruteForceLockout" name="test_five_wrongs_then_429" time="0.721" /><testcase classname="backend.tests.test_login_security.TestLockoutIsolationAndClear" name="test_other_user_unaffected_while_throwaway_locked" time="0.887" /><testcase classname="backend.tests.test_login_security.TestLockoutIsolationAndClear" name="test_successful_login_clears_prior_failures" time="1.609" /><testcase classname="backend.tests.test_login_security.TestNewDeviceEmail" name="test_new_ua_triggers_email_same_ua_does_not" time="10.654" /><testcase classname="backend.tests.test_login_security.TestPrivacyFields" name="test_login_and_me_strip_known_devices" time="0.411" /><testcase classname="backend.tests.test_login_security.TestRegression" name="test_wallets_and_roi_ok" time="0.536" /></testsuite></testsuites>