<?xml version="1.0" encoding="utf-8"?><testsuites name="pytest tests"><testsuite name="pytest" errors="0" failures="0" skipped="0" tests="14" time="2.054" timestamp="2026-06-26T10:24:44.591065+00:00" hostname="agent-env-1f1cc52a-9212-4803-99fe-935d090b3c4e"><testcase classname="backend.tests.test_profile_avatar.TestProfileUpdate" name="test_update_username_and_bio" time="0.576" /><testcase classname="backend.tests.test_profile_avatar.TestProfileUpdate" name="test_username_too_short" time="0.046" /><testcase classname="backend.tests.test_profile_avatar.TestProfileUpdate" name="test_username_too_long" time="0.043" /><testcase classname="backend.tests.test_profile_avatar.TestProfileUpdate" name="test_bio_too_long" time="0.044" /><testcase classname="backend.tests.test_profile_avatar.TestProfileUpdate" name="test_unauthenticated" time="0.097" /><testcase classname="backend.tests.test_profile_avatar.TestAvatar" name="test_upload_png_and_fetch" time="0.173" /><testcase classname="backend.tests.test_profile_avatar.TestAvatar" name="test_reject_non_image" time="0.049" /><testcase classname="backend.tests.test_profile_avatar.TestAvatar" name="test_reject_too_large" time="0.250" /><testcase classname="backend.tests.test_profile_avatar.TestAvatar" name="test_avatar_path_traversal_404" time="0.109" /><testcase classname="backend.tests.test_profile_avatar.TestAvatar" name="test_avatar_unknown_filename_404" time="0.117" /><testcase classname="backend.tests.test_profile_avatar.TestRegression" name="test_login_email" time="0.324" /><testcase classname="backend.tests.test_profile_avatar.TestRegression" name="test_me" time="0.045" /><testcase classname="backend.tests.test_profile_avatar.TestRegression" name="test_wallets_list" time="0.042" /><testcase classname="backend.tests.test_profile_avatar.TestRegression" name="test_roi" time="0.047" /></testsuite></testsuites>