<?xml version="1.0" encoding="utf-8"?><testsuites name="pytest tests"><testsuite name="pytest" errors="0" failures="0" skipped="0" tests="11" time="53.794" timestamp="2026-06-26T08:58:46.601961+00:00" hostname="agent-env-1f1cc52a-9212-4803-99fe-935d090b3c4e"><testcase classname="backend.tests.test_cavi_otp_email.TestRegisterAndOtp" name="test_weak_password_rejected" time="0.391" /><testcase classname="backend.tests.test_cavi_otp_email.TestRegisterAndOtp" name="test_register_strong_pw_returns_otp_required" time="1.676" /><testcase classname="backend.tests.test_cavi_otp_email.TestRegisterAndOtp" name="test_verify_otp_wrong_then_correct_creates_user" time="9.692" /><testcase classname="backend.tests.test_cavi_otp_email.TestRegisterAndOtp" name="test_resend_otp_returns_ok" time="3.259" /><testcase classname="backend.tests.test_cavi_otp_email.TestRegisterAndOtp" name="test_resend_otp_unknown_email_400" time="0.045" /><testcase classname="backend.tests.test_cavi_otp_email.TestForgotResetPassword" name="test_forgot_password_unknown_email_returns_ok" time="0.045" /><testcase classname="backend.tests.test_cavi_otp_email.TestForgotResetPassword" name="test_forgot_then_reset_then_login_flow" time="11.901" /><testcase classname="backend.tests.test_cavi_otp_email.TestDepositWithdrawalNotifications" name="test_deposit_notification_emails" time="15.903" /><testcase classname="backend.tests.test_cavi_otp_email.TestDepositWithdrawalNotifications" name="test_withdrawal_notification_emails" time="10.055" /><testcase classname="backend.tests.test_cavi_otp_email.TestExistingAuthRegression" name="test_existing_user_login_and_me" time="0.313" /><testcase classname="backend.tests.test_cavi_otp_email.TestExistingAuthRegression" name="test_admin_login" time="0.266" /></testsuite></testsuites>