<?xml version="1.0" encoding="utf-8"?><testsuites name="pytest tests"><testsuite name="pytest" errors="0" failures="0" skipped="0" tests="7" time="4.664" timestamp="2026-06-26T11:44:32.075084+00:00" hostname="agent-env-1f1cc52a-9212-4803-99fe-935d090b3c4e"><testcase classname="backend.tests.test_security_tab.TestLastLoginAt" name="test_login_returns_lastLoginAt" time="0.522" /><testcase classname="backend.tests.test_security_tab.TestLastLoginAt" name="test_me_returns_lastLoginAt" time="0.313" /><testcase classname="backend.tests.test_security_tab.TestChangePasswordValidation" name="test_wrong_current_password" time="0.263" /><testcase classname="backend.tests.test_security_tab.TestChangePasswordValidation" name="test_weak_new_password" time="0.262" /><testcase classname="backend.tests.test_security_tab.TestChangePasswordValidation" name="test_reuse_same_password" time="0.487" /><testcase classname="backend.tests.test_security_tab.TestChangePasswordSuccessAndRevert" name="test_change_then_login_then_revert" time="2.214" /><testcase classname="backend.tests.test_security_tab.TestWalletGuard" name="test_wallet_account_cannot_change_password" time="0.521" /></testsuite></testsuites>