<?xml version="1.0" encoding="utf-8"?><testsuites name="pytest tests"><testsuite name="pytest" errors="0" failures="0" skipped="0" tests="2" time="3.001" timestamp="2026-06-26T10:40:35.291337+00:00" hostname="agent-env-1f1cc52a-9212-4803-99fe-935d090b3c4e"><testcase classname="backend.tests.test_cavi_staking_emails.TestForgotResetThirtyMinutes" name="test_forgot_creates_30min_token" time="2.551" /><testcase classname="backend.tests.test_cavi_staking_emails.TestForgotResetThirtyMinutes" name="test_reset_password_with_token" time="0.311" /></testsuite></testsuites>