<?xml version="1.0" encoding="utf-8"?><testsuites name="pytest tests"><testsuite name="pytest" errors="0" failures="1" skipped="0" tests="38" time="4.434" timestamp="2026-06-19T20:34:35.022996+00:00" hostname="agent-env-1f1cc52a-9212-4803-99fe-935d090b3c4e"><testcase classname="backend.tests.test_cavi_backend.TestAuth" name="test_register_returns_jwt_and_user" time="0.403" /><testcase classname="backend.tests.test_cavi_backend.TestAuth" name="test_login_success" time="0.268" /><testcase classname="backend.tests.test_cavi_backend.TestAuth" name="test_login_invalid_returns_401" time="0.272" /><testcase classname="backend.tests.test_cavi_backend.TestAuth" name="test_me_returns_user_and_financials" time="0.049" /><testcase classname="backend.tests.test_cavi_backend.TestAuth" name="test_me_no_token_401" time="0.046" /><testcase classname="backend.tests.test_cavi_backend.TestAuth" name="test_superadmin_login" time="0.326" /><testcase classname="backend.tests.test_cavi_backend.TestWallets" name="test_create_wallet" time="0.073" /><testcase classname="backend.tests.test_cavi_backend.TestWallets" name="test_list_wallets_no_privkey" time="0.050" /><testcase classname="backend.tests.test_cavi_backend.TestWallets" name="test_deposit_increases_base" time="0.114" /><testcase classname="backend.tests.test_cavi_backend.TestROI" name="test_roi_empty_for_new_user" time="0.332" /><testcase classname="backend.tests.test_cavi_backend.TestROI" name="test_admin_run_cycle_then_user_roi" time="0.164"><failure message="assert 0.0 &gt; 0">E   assert 0.0 &gt; 0</failure></testcase><testcase classname="backend.tests.test_cavi_backend.TestROI" name="test_run_cycle_idempotent" time="0.154" /><testcase classname="backend.tests.test_cavi_backend.TestROI" name="test_global_pause_yields_zero" time="0.166" /><testcase classname="backend.tests.test_cavi_backend.TestWithdrawals" name="test_request_withdrawal_pending" time="0.049" /><testcase classname="backend.tests.test_cavi_backend.TestWithdrawals" name="test_reject_exceeding_balance" time="0.046" /><testcase classname="backend.tests.test_cavi_backend.TestWithdrawals" name="test_admin_approve" time="0.047" /><testcase classname="backend.tests.test_cavi_backend.TestWithdrawals" name="test_wd_blocked_when_disabled" time="0.377" /><testcase classname="backend.tests.test_cavi_backend.TestAdmin" name="test_admin_stats" time="0.054" /><testcase classname="backend.tests.test_cavi_backend.TestAdmin" name="test_admin_users_with_financials" time="0.049" /><testcase classname="backend.tests.test_cavi_backend.TestAdmin" name="test_admin_toggle_roi_wd" time="0.165" /><testcase classname="backend.tests.test_cavi_backend.TestAdmin" name="test_admin_view_key" time="0.162" /><testcase classname="backend.tests.test_cavi_backend.TestAdmin" name="test_superadmin_role_set" time="0.051" /><testcase classname="backend.tests.test_cavi_backend.TestAdmin" name="test_role_set_forbidden_for_normal_user" time="0.064" /><testcase classname="backend.tests.test_cavi_backend.TestRoleProtection" name="test_no_token_returns_401[/admin/stats-GET]" time="0.049" /><testcase classname="backend.tests.test_cavi_backend.TestRoleProtection" name="test_no_token_returns_401[/admin/users-GET]" time="0.061" /><testcase classname="backend.tests.test_cavi_backend.TestRoleProtection" name="test_no_token_returns_401[/admin/wallets-GET]" time="0.045" /><testcase classname="backend.tests.test_cavi_backend.TestRoleProtection" name="test_no_token_returns_401[/admin/withdrawals-GET]" time="0.046" /><testcase classname="backend.tests.test_cavi_backend.TestRoleProtection" name="test_no_token_returns_401[/admin/settings-GET]" time="0.050" /><testcase classname="backend.tests.test_cavi_backend.TestRoleProtection" name="test_no_token_returns_401[/admin/audit-GET]" time="0.049" /><testcase classname="backend.tests.test_cavi_backend.TestRoleProtection" name="test_no_token_returns_401[/admin/roi/run-cycle-POST]" time="0.049" /><testcase classname="backend.tests.test_cavi_backend.TestRoleProtection" name="test_user_token_returns_403[/admin/stats-GET]" time="0.050" /><testcase classname="backend.tests.test_cavi_backend.TestRoleProtection" name="test_user_token_returns_403[/admin/users-GET]" time="0.047" /><testcase classname="backend.tests.test_cavi_backend.TestRoleProtection" name="test_user_token_returns_403[/admin/wallets-GET]" time="0.051" /><testcase classname="backend.tests.test_cavi_backend.TestRoleProtection" name="test_user_token_returns_403[/admin/withdrawals-GET]" time="0.051" /><testcase classname="backend.tests.test_cavi_backend.TestRoleProtection" name="test_user_token_returns_403[/admin/settings-GET]" time="0.048" /><testcase classname="backend.tests.test_cavi_backend.TestRoleProtection" name="test_user_token_returns_403[/admin/audit-GET]" time="0.049" /><testcase classname="backend.tests.test_cavi_backend.TestRoleProtection" name="test_user_token_returns_403[/admin/roi/run-cycle-POST]" time="0.051" /><testcase classname="backend.tests.test_cavi_backend.TestPrices" name="test_prices_returns_all_symbols" time="0.179" /></testsuite></testsuites>