<?xml version="1.0" encoding="utf-8"?><testsuites name="pytest tests"><testsuite name="pytest" errors="0" failures="0" skipped="0" tests="15" time="1.719" timestamp="2026-06-28T12:41:08.369270+00:00" hostname="agent-env-1f1cc52a-9212-4803-99fe-935d090b3c4e"><testcase classname="backend.tests.test_livechat.TestVisitorChat" name="test_start_session" time="0.161" /><testcase classname="backend.tests.test_livechat.TestVisitorChat" name="test_post_user_message" time="0.043" /><testcase classname="backend.tests.test_livechat.TestVisitorChat" name="test_empty_text_400" time="0.040" /><testcase classname="backend.tests.test_livechat.TestVisitorChat" name="test_unknown_session_404" time="0.041" /><testcase classname="backend.tests.test_livechat.TestVisitorChat" name="test_get_messages_order" time="0.078" /><testcase classname="backend.tests.test_livechat.TestAdminChat" name="test_admin_required_no_token" time="0.042" /><testcase classname="backend.tests.test_livechat.TestAdminChat" name="test_admin_required_for_messages" time="0.040" /><testcase classname="backend.tests.test_livechat.TestAdminChat" name="test_admin_required_for_reply" time="0.040" /><testcase classname="backend.tests.test_livechat.TestAdminChat" name="test_admin_list_sessions" time="0.311" /><testcase classname="backend.tests.test_livechat.TestAdminChat" name="test_admin_get_messages_resets_unread" time="0.082" /><testcase classname="backend.tests.test_livechat.TestAdminChat" name="test_admin_reply_and_visitor_sees_it" time="0.083" /><testcase classname="backend.tests.test_livechat.TestAdminChat" name="test_admin_reply_empty_400" time="0.041" /><testcase classname="backend.tests.test_livechat.TestRegression" name="test_admin_audit_200" time="0.067" /><testcase classname="backend.tests.test_livechat.TestRegression" name="test_admin_login_still_works" time="0.263" /><testcase classname="backend.tests.test_livechat.TestRegression" name="test_user_login_still_works" time="0.305" /></testsuite></testsuites>