<?xml version="1.0" encoding="utf-8"?><testsuites name="pytest tests"><testsuite name="pytest" errors="0" failures="0" skipped="0" tests="21" time="4.380" timestamp="2026-06-26T14:26:39.474556+00:00" hostname="agent-env-1f1cc52a-9212-4803-99fe-935d090b3c4e"><testcase classname="backend.tests.test_referrals_weekly_monthly.TestAuthRegression" name="test_admin_login" time="0.729" /><testcase classname="backend.tests.test_referrals_weekly_monthly.TestAuthRegression" name="test_user_login" time="0.268" /><testcase classname="backend.tests.test_referrals_weekly_monthly.TestAuthRegression" name="test_register_returns_otp_required" time="1.692" /><testcase classname="backend.tests.test_referrals_weekly_monthly.TestOverviewDefaults" name="test_defaults" time="0.047" /><testcase classname="backend.tests.test_referrals_weekly_monthly.TestWeeklyClaim" name="test_overview_claimable_is_oldest_three" time="0.048" /><testcase classname="backend.tests.test_referrals_weekly_monthly.TestWeeklyClaim" name="test_claim_returns_35_and_three_rows" time="0.053" /><testcase classname="backend.tests.test_referrals_weekly_monthly.TestWeeklyClaim" name="test_second_claim_blocked_by_cap" time="0.047" /><testcase classname="backend.tests.test_referrals_weekly_monthly.TestWeeklyClaim" name="test_overview_after_cap" time="0.046" /><testcase classname="backend.tests.test_referrals_weekly_monthly.TestWeeklyBalanceGate" name="test_drained_not_in_claimable_and_claim_blocks" time="0.101" /><testcase classname="backend.tests.test_referrals_weekly_monthly.TestMonthlyClaim" name="test_overview_monthly_math" time="0.051" /><testcase classname="backend.tests.test_referrals_weekly_monthly.TestMonthlyClaim" name="test_claim_creates_monthly_rows" time="0.101" /><testcase classname="backend.tests.test_referrals_weekly_monthly.TestModeChangeFlow" name="test_same_mode_rejected" time="0.046" /><testcase classname="backend.tests.test_referrals_weekly_monthly.TestModeChangeFlow" name="test_create_request_to_monthly" time="0.092" /><testcase classname="backend.tests.test_referrals_weekly_monthly.TestModeChangeFlow" name="test_duplicate_pending_blocked" time="0.045" /><testcase classname="backend.tests.test_referrals_weekly_monthly.TestModeChangeFlow" name="test_admin_lists_request" time="0.310" /><testcase classname="backend.tests.test_referrals_weekly_monthly.TestModeChangeFlow" name="test_admin_approve_flips_mode" time="0.094" /><testcase classname="backend.tests.test_referrals_weekly_monthly.TestModeChangeFlow" name="test_already_decided_returns_400" time="0.043" /><testcase classname="backend.tests.test_referrals_weekly_monthly.TestModeChangeFlow" name="test_reject_path" time="0.145" /><testcase classname="backend.tests.test_referrals_weekly_monthly.TestModeChangeFlow" name="test_restore_weekly_for_next_runs" time="0.002" /><testcase classname="backend.tests.test_referrals_weekly_monthly.TestReferralPocketWithdraw" name="test_pocket_isolated" time="0.187" /><testcase classname="backend.tests.test_referrals_weekly_monthly.TestReferralPocketWithdraw" name="test_over_withdraw_400" time="0.048" /></testsuite></testsuites>