<?xml version="1.0" encoding="utf-8"?><testsuites name="pytest tests"><testsuite name="pytest" errors="0" failures="0" skipped="0" tests="9" time="5.720" timestamp="2026-06-26T10:40:47.538179+00:00" hostname="agent-env-1f1cc52a-9212-4803-99fe-935d090b3c4e"><testcase classname="backend.tests.test_cavi_staking_emails.TestRegressionBasics" name="test_login" time="0.368" /><testcase classname="backend.tests.test_cavi_staking_emails.TestRegressionBasics" name="test_me" time="0.364" /><testcase classname="backend.tests.test_cavi_staking_emails.TestRegressionBasics" name="test_wallets" time="0.042" /><testcase classname="backend.tests.test_cavi_staking_emails.TestRegressionBasics" name="test_roi" time="0.042" /><testcase classname="backend.tests.test_cavi_staking_emails.TestRegisterOtpEmail" name="test_register_sends_otp" time="1.550" /><testcase classname="backend.tests.test_cavi_staking_emails.TestForgotResetThirtyMinutes" name="test_forgot_creates_30min_token" time="2.363" /><testcase classname="backend.tests.test_cavi_staking_emails.TestForgotResetThirtyMinutes" name="test_reset_password_with_token" time="0.311" /><testcase classname="backend.tests.test_cavi_staking_emails.TestDepositWithdrawalEmails" name="test_deposit_fires_email" time="0.453" /><testcase classname="backend.tests.test_cavi_staking_emails.TestDepositWithdrawalEmails" name="test_withdrawal_fires_email" time="0.095" /></testsuite></testsuites>